#
# A fatal error has been detected by the Java Runtime Environment:
#
#  SIGSEGV (0xb) at pc=0x000000010ce46916, pid=74899, tid=17159
#
# JRE version: Java(TM) SE Runtime Environment (8.0_65-b17) (build 1.8.0_65-b17)
# Java VM: Java HotSpot(TM) 64-Bit Server VM (25.65-b01 mixed mode bsd-amd64 compressed oops)
# Problematic frame:
# V  [libjvm.dylib+0x446916]  Method::checked_resolve_jmethod_id(_jmethodID*)+0x1c
#
# Failed to write core dump. Core dumps have been disabled. To enable core dumping, try "ulimit -c unlimited" before starting Java again
#
# If you would like to submit a bug report, please visit:
#   http://bugreport.java.com/bugreport/crash.jsp
#

---------------  T H R E A D  ---------------

Current thread (0x00007fdf7d875800):  JavaThread "JDWP Transport Listener: dt_socket" daemon [_thread_in_vm, id=17159, stack(0x000070000ef38000,0x000070000f038000)]

siginfo: si_signo: 11 (SIGSEGV), si_code: 0 (unknown), si_addr: 0x0000000000000000

Registers:
RAX=0x0000000000000001, RBX=0x4b730070612f6727, RCX=0x000000010d215310, RDX=0x000070000f037b4b
RSP=0x000070000f037a90, RBP=0x000070000f037aa0, RSI=0x00007fdf7d875800, RDI=0x00007fdf5d6b0003
R8 =0x000000000000483c, R9 =0x0000000000000000, R10=0x00007fdf39100000, R11=0x00007fdf391a1710
R12=0x00007fdf7d875800, R13=0x00007fdf5d6b0003, R14=0x00007fdf5d6b0003, R15=0x00007fdf7c705110
RIP=0x000000010ce46916, EFLAGS=0x0000000000010206, ERR=0x0000000000000000
  TRAPNO=0x000000000000000d

Top of Stack: (sp=0x000070000f037a90)
0x000070000f037a90:   000070000f037b4b 000070000f037b4b
0x000070000f037aa0:   000070000f037b00 000000010cd55a02
0x000070000f037ab0:   00007fdf7d875800 0000000000000000
0x000070000f037ac0:   0000000000000000 0000000000000000
0x000070000f037ad0:   00007fdf7d875800 00007fdf7d875800
0x000070000f037ae0:   000070000f037b4b 000070000f037b50
0x000070000f037af0:   00007fdf5d6b0003 0000000000000002
0x000070000f037b00:   000070000f037b20 000000010a963780
0x000070000f037b10:   0000000000000001 000070000f037bc8
0x000070000f037b20:   000070000f037b90 000000010a9481f3
0x000070000f037b30:   000070000f037b60 00007fdf39734ed0
0x000070000f037b40:   0000000300000032 0000000100037bc8
0x000070000f037b50:   0000000000000000 0000000000000000
0x000070000f037b60:   0000000000000000 000070000f037d50
0x000070000f037b70:   000000010a96ae7a 00007fdf3a709080
0x000070000f037b80:   000070000f037bc8 000000010a976598
0x000070000f037b90:   000070000f037ba0 000000010a9482ec
0x000070000f037ba0:   000070000f037dc0 000000010a951898
0x000070000f037bb0:   0000559c00000013 00000000000f0200
0x000070000f037bc0:   00007fdf39034440 000070000f037ce8
0x000070000f037bd0:   000000000000005c 000070000f037be0
0x000070000f037be0:   00000000000000d0 000070000f037c18
0x000070000f037bf0:   0000000000000000 0000000000000000
0x000070000f037c00:   0000559c00000029 00007fdf0000e380
0x000070000f037c10:   000070000f037c18 df7f000003000000
0x000070000f037c20:   0600000078fc563a 0000656c646e6168
0x000070000f037c30:   6176616a4c288d00 656c767265732f78
0x000070000f037c40:   482f707474682f74 6c76726553707474
0x000070000f037c50:   7365757165527465 786176616a4c3b74
0x000070000f037c60:   74656c767265732f 74482f707474682f
0x000070000f037c70:   656c767265537074 736e6f7073655274
0x000070000f037c80:   732f67726f4c3b65 617266676e697270 

Instructions: (pc=0x000000010ce46916)
0x000000010ce468f6:   31 c0 5d c3 55 48 89 e5 53 48 83 ec 08 48 85 ff
0x000000010ce46906:   74 24 48 8b 1f 48 85 db 74 1c 48 83 fb 37 74 16
0x000000010ce46916:   48 8b 03 48 89 df ff 50 10 84 c0 b8 00 00 00 00
0x000000010ce46926:   48 0f 45 c3 eb 02 31 c0 48 83 c4 08 5b 5d c3 90 

Register to memory mapping:

RAX=0x0000000000000001 is an unknown value
RBX=0x4b730070612f6727 is an unknown value
RCX=0x000000010d215310: UseMembar+0 in /Library/Java/JavaVirtualMachines/jdk1.8.0_65.jdk/Contents/Home/jre/lib/server/libjvm.dylib at 0x000000010ca00000
RDX=0x000070000f037b4b is pointing into the stack for thread: 0x00007fdf7d875800
RSP=0x000070000f037a90 is pointing into the stack for thread: 0x00007fdf7d875800
RBP=0x000070000f037aa0 is pointing into the stack for thread: 0x00007fdf7d875800
RSI=0x00007fdf7d875800 is a thread
RDI=0x00007fdf5d6b0003 is an unknown value
R8 =0x000000000000483c is an unknown value
R9 =0x0000000000000000 is an unknown value
R10=0x00007fdf39100000 is an unknown value
R11=0x00007fdf391a1710 is an unknown value
R12=0x00007fdf7d875800 is a thread
R13=0x00007fdf5d6b0003 is an unknown value
R14=0x00007fdf5d6b0003 is an unknown value
R15=0x00007fdf7c705110 is an unknown value


Stack: [0x000070000ef38000,0x000070000f038000],  sp=0x000070000f037a90,  free space=1022k
Native frames: (J=compiled Java code, j=interpreted, Vv=VM code, C=native code)
V  [libjvm.dylib+0x446916]  Method::checked_resolve_jmethod_id(_jmethodID*)+0x1c
V  [libjvm.dylib+0x355a02]  jvmti_IsMethodSynthetic+0xb2
C  [libjdwp.dylib+0x20780]  isMethodSynthetic+0x63
C  [libjdwp.dylib+0x51f3]  methods1+0x10b
C  [libjdwp.dylib+0x52ec]  methodsWithGeneric+0xe
C  [libjdwp.dylib+0xe898]  debugLoop_run+0x1ce
C  [libjdwp.dylib+0x1f6ba]  attachThread+0x4d
V  [libjvm.dylib+0x396d60]  JvmtiAgentThread::call_start_function()+0x38
V  [libjvm.dylib+0x5612d3]  JavaThread::thread_main_inner()+0x9b
V  [libjvm.dylib+0x5629ce]  JavaThread::run()+0x1c2
V  [libjvm.dylib+0x48342e]  java_start(Thread*)+0xf6
C  [libsystem_pthread.dylib+0x6109]  _pthread_start+0x94
C  [libsystem_pthread.dylib+0x1b8b]  thread_start+0xf
C  0x0000000000000000


---------------  P R O C E S S  ---------------

Java Threads: ( => current thread )
  0x00007fdf6ca47800 JavaThread "qtp1941481844-132-acceptor-1@10c0150e-ServerConnector@656b515{ssl, (ssl, http/1.1)}{0.0.0.0:18311}" [_thread_blocked, id=80391, stack(0x0000700013404000,0x0000700013504000)]
  0x00007fdf7dc81000 JavaThread "qtp1941481844-131-acceptor-0@64aecf99-ServerConnector@656b515{ssl, (ssl, http/1.1)}{0.0.0.0:18311}" [_thread_in_native, id=36619, stack(0x0000700013301000,0x0000700013401000)]
  0x00007fdf5cc68800 JavaThread "qtp1941481844-130" [_thread_in_native, id=80903, stack(0x00007000131fe000,0x00007000132fe000)]
  0x00007fdf6c999000 JavaThread "qtp1941481844-129" [_thread_in_native, id=81159, stack(0x00007000130fb000,0x00007000131fb000)]
  0x00007fdf3d17c000 JavaThread "qtp1941481844-128" [_thread_in_native, id=81927, stack(0x0000700012ff8000,0x00007000130f8000)]
  0x00007fdf3d17b000 JavaThread "qtp1941481844-127" [_thread_in_native, id=81671, stack(0x0000700012ef5000,0x0000700012ff5000)]
  0x00007fdf5cc67000 JavaThread "qtp1941481844-126" [_thread_in_native, id=82183, stack(0x0000700012df2000,0x0000700012ef2000)]
  0x00007fdf3d0b6800 JavaThread "qtp1941481844-125" [_thread_in_native, id=48391, stack(0x0000700012bec000,0x0000700012cec000)]
  0x00007fdf7dc80000 JavaThread "qtp1941481844-124" [_thread_in_native, id=82439, stack(0x0000700012ae9000,0x0000700012be9000)]
  0x00007fdf6ccc7000 JavaThread "qtp1941481844-123" [_thread_in_native, id=48903, stack(0x00007000129e6000,0x0000700012ae6000)]
  0x00007fdf7dcbd800 JavaThread "ajp-nio-127.0.0.1-9090-Acceptor" daemon [_thread_in_native, id=82951, stack(0x00007000128e3000,0x00007000129e3000)]
  0x00007fdf6c994800 JavaThread "ajp-nio-127.0.0.1-9090-Poller" daemon [_thread_in_native, id=83211, stack(0x00007000127e0000,0x00007000128e0000)]
  0x00007fdf7c9b9000 JavaThread "ajp-nio-127.0.0.1-9090-exec-10" daemon [_thread_blocked, id=44039, stack(0x00007000126dd000,0x00007000127dd000)]
  0x00007fdf7c9b8800 JavaThread "ajp-nio-127.0.0.1-9090-exec-9" daemon [_thread_blocked, id=86279, stack(0x00007000125da000,0x00007000126da000)]
  0x00007fdf1ca24800 JavaThread "ajp-nio-127.0.0.1-9090-exec-8" daemon [_thread_blocked, id=43527, stack(0x00007000124d7000,0x00007000125d7000)]
  0x00007fdf1ca24000 JavaThread "ajp-nio-127.0.0.1-9090-exec-7" daemon [_thread_blocked, id=33799, stack(0x00007000123d4000,0x00007000124d4000)]
  0x00007fdf1ca23000 JavaThread "ajp-nio-127.0.0.1-9090-exec-6" daemon [_thread_blocked, id=86791, stack(0x00007000122d1000,0x00007000123d1000)]
  0x00007fdf3ca3e800 JavaThread "ajp-nio-127.0.0.1-9090-exec-5" daemon [_thread_blocked, id=33287, stack(0x00007000121ce000,0x00007000122ce000)]
  0x00007fdf7dcbc800 JavaThread "ajp-nio-127.0.0.1-9090-exec-4" daemon [_thread_blocked, id=30983, stack(0x00007000120cb000,0x00007000121cb000)]
  0x00007fdf1ca22800 JavaThread "ajp-nio-127.0.0.1-9090-exec-3" daemon [_thread_blocked, id=32263, stack(0x0000700011fc8000,0x00007000120c8000)]
  0x00007fdf7dcbc000 JavaThread "ajp-nio-127.0.0.1-9090-exec-2" daemon [_thread_blocked, id=32519, stack(0x0000700011ec5000,0x0000700011fc5000)]
  0x00007fdf7c9b7800 JavaThread "ajp-nio-127.0.0.1-9090-exec-1" daemon [_thread_blocked, id=30727, stack(0x0000700011dc2000,0x0000700011ec2000)]
  0x00007fdf7c9b7000 JavaThread "http-nio-8080-Acceptor" daemon [_thread_in_native, id=30471, stack(0x0000700011cbf000,0x0000700011dbf000)]
  0x00007fdf5d6b5000 JavaThread "http-nio-8080-Poller" daemon [_thread_in_native, id=31751, stack(0x0000700011bbc000,0x0000700011cbc000)]
  0x00007fdf5d6b2000 JavaThread "http-nio-8080-exec-10" daemon [_thread_blocked, id=47367, stack(0x0000700011ab9000,0x0000700011bb9000)]
  0x00007fdf1c995800 JavaThread "http-nio-8080-exec-9" daemon [_thread_blocked, id=83463, stack(0x00007000119b6000,0x0000700011ab6000)]
  0x00007fdf7dcbb000 JavaThread "http-nio-8080-exec-8" daemon [_thread_blocked, id=45063, stack(0x00007000118b3000,0x00007000119b3000)]
  0x00007fdf7dcba800 JavaThread "http-nio-8080-exec-7" daemon [_thread_blocked, id=86023, stack(0x00007000117b0000,0x00007000118b0000)]
  0x00007fdf1c995000 JavaThread "http-nio-8080-exec-6" daemon [_thread_blocked, id=84487, stack(0x00007000116ad000,0x00007000117ad000)]
  0x00007fdf5cc66800 JavaThread "http-nio-8080-exec-5" daemon [_thread_blocked, id=83975, stack(0x00007000115aa000,0x00007000116aa000)]
  0x00007fdf3ca3d800 JavaThread "http-nio-8080-exec-4" daemon [_thread_blocked, id=45575, stack(0x00007000114a7000,0x00007000115a7000)]
  0x00007fdf5c9c8000 JavaThread "http-nio-8080-exec-3" daemon [_thread_blocked, id=84999, stack(0x00007000113a4000,0x00007000114a4000)]
  0x00007fdf5c9c6800 JavaThread "http-nio-8080-exec-2" daemon [_thread_blocked, id=85767, stack(0x000070001119e000,0x000070001129e000)]
  0x00007fdf1f80e800 JavaThread "http-nio-8080-exec-1" daemon [_thread_blocked, id=44807, stack(0x0000700010f98000,0x0000700011098000)]
  0x00007fdf5d2e1000 JavaThread "File Watcher" daemon [_thread_blocked, id=46855, stack(0x0000700010e95000,0x0000700010f95000)]
  0x00007fdf3c832800 JavaThread "container-0" [_thread_blocked, id=84231, stack(0x0000700010d92000,0x0000700010e92000)]
  0x00007fdf7debe800 JavaThread "Catalina-utility-2" [_thread_blocked, id=35079, stack(0x0000700010b8c000,0x0000700010c8c000)]
  0x00007fdf3c832000 JavaThread "Catalina-utility-1" [_thread_blocked, id=15379, stack(0x0000700010883000,0x0000700010983000)]
  0x00007fdf7c975000 JavaThread "DestroyJavaVM" [_thread_blocked, id=3843, stack(0x000070000dbfc000,0x000070000dcfc000)]
  0x00007fdf7de03800 JavaThread "Live Reload Server" daemon [_thread_in_native, id=29703, stack(0x00007000112a1000,0x00007000113a1000)]
  0x00007fdf7d75f800 JavaThread "RMI TCP Connection(4)-127.0.0.1" daemon [_thread_in_native, id=29187, stack(0x000070001109b000,0x000070001119b000)]
  0x00007fdf5cb16000 JavaThread "JMX server connection timeout 38" daemon [_thread_blocked, id=35843, stack(0x0000700010c8f000,0x0000700010d8f000)]
  0x00007fdf1c8de800 JavaThread "Attach Listener" daemon [_thread_blocked, id=27655, stack(0x0000700010a89000,0x0000700010b89000)]
  0x00007fdf7c91b000 JavaThread "GC Daemon" daemon [_thread_blocked, id=27911, stack(0x0000700010986000,0x0000700010a86000)]
  0x00007fdf7d7ff800 JavaThread "JMX server connection timeout 29" daemon [_thread_blocked, id=27139, stack(0x000070001067d000,0x000070001077d000)]
  0x00007fdf7d7fe800 JavaThread "RMI TCP Connection(idle)" daemon [_thread_blocked, id=26627, stack(0x000070001057a000,0x000070001067a000)]
  0x00007fdf6c97f000 JavaThread "RMI Scheduler(0)" daemon [_thread_blocked, id=37891, stack(0x0000700010477000,0x0000700010577000)]
  0x00007fdf7d7a8800 JavaThread "RMI TCP Accept-0" daemon [_thread_in_native, id=26115, stack(0x000070001016e000,0x000070001026e000)]
  0x00007fdf7d7a8000 JavaThread "RMI TCP Accept-56322" daemon [_thread_in_native, id=39427, stack(0x000070001006b000,0x000070001016b000)]
  0x00007fdf7d7af800 JavaThread "RMI TCP Accept-0" daemon [_thread_in_native, id=25859, stack(0x000070000ff68000,0x0000700010068000)]
  0x00007fdf3d01a800 JavaThread "Service Thread" daemon [_thread_blocked, id=25347, stack(0x000070000fe65000,0x000070000ff65000)]
  0x00007fdf5d025000 JavaThread "C1 CompilerThread11" daemon [_thread_blocked, id=40195, stack(0x000070000fd62000,0x000070000fe62000)]
  0x00007fdf6c950000 JavaThread "C1 CompilerThread10" daemon [_thread_blocked, id=40451, stack(0x000070000fc5f000,0x000070000fd5f000)]
  0x00007fdf7db80800 JavaThread "C1 CompilerThread9" daemon [_thread_blocked, id=40707, stack(0x000070000fb5c000,0x000070000fc5c000)]
  0x00007fdf7db7f800 JavaThread "C1 CompilerThread8" daemon [_thread_blocked, id=24323, stack(0x000070000fa59000,0x000070000fb59000)]
  0x00007fdf7db7f000 JavaThread "C2 CompilerThread7" daemon [_thread_blocked, id=40963, stack(0x000070000f956000,0x000070000fa56000)]
  0x00007fdf7db7e000 JavaThread "C2 CompilerThread6" daemon [_thread_blocked, id=41219, stack(0x000070000f853000,0x000070000f953000)]
  0x00007fdf7db7d800 JavaThread "C2 CompilerThread5" daemon [_thread_blocked, id=41475, stack(0x000070000f750000,0x000070000f850000)]
  0x00007fdf7db74800 JavaThread "C2 CompilerThread4" daemon [_thread_blocked, id=23043, stack(0x000070000f64d000,0x000070000f74d000)]
  0x00007fdf7db74000 JavaThread "C2 CompilerThread3" daemon [_thread_blocked, id=41987, stack(0x000070000f54a000,0x000070000f64a000)]
  0x00007fdf6c917000 JavaThread "C2 CompilerThread2" daemon [_thread_blocked, id=42499, stack(0x000070000f447000,0x000070000f547000)]
  0x00007fdf6c916800 JavaThread "C2 CompilerThread1" daemon [_thread_blocked, id=43011, stack(0x000070000f344000,0x000070000f444000)]
  0x00007fdf3c822000 JavaThread "C2 CompilerThread0" daemon [_thread_blocked, id=22531, stack(0x000070000f241000,0x000070000f341000)]
  0x00007fdf5d00f000 JavaThread "JDWP Command Reader" daemon [_thread_in_native, id=22275, stack(0x000070000f13e000,0x000070000f23e000)]
  0x00007fdf7c80f000 JavaThread "JDWP Event Helper Thread" daemon [_thread_blocked, id=21763, stack(0x000070000f03b000,0x000070000f13b000)]
=>0x00007fdf7d875800 JavaThread "JDWP Transport Listener: dt_socket" daemon [_thread_in_vm, id=17159, stack(0x000070000ef38000,0x000070000f038000)]
  0x00007fdf7c80c000 JavaThread "Signal Dispatcher" daemon [_thread_blocked, id=16899, stack(0x000070000ee35000,0x000070000ef35000)]
  0x00007fdf5d00b000 JavaThread "Finalizer" daemon [_thread_blocked, id=14851, stack(0x000070000ec2c000,0x000070000ed2c000)]
  0x00007fdf5d00a800 JavaThread "Reference Handler" daemon [_thread_blocked, id=19971, stack(0x000070000eb29000,0x000070000ec29000)]

Other Threads:
  0x00007fdf7d858000 VMThread [stack: 0x000070000ea26000,0x000070000eb26000] [id=20227]
  0x00007fdf7d7bd000 WatcherThread [stack: 0x0000700010271000,0x0000700010371000] [id=38659]

VM state:not at safepoint (normal execution)

VM Mutex/Monitor currently owned by a thread: None

Heap:
 PSYoungGen      total 1972736K, used 190843K [0x0000000715580000, 0x0000000792000000, 0x00000007c0000000)
  eden space 1944064K, 8% used [0x0000000715580000,0x000000071fd7c560,0x000000078c000000)
  from space 28672K, 65% used [0x0000000790400000,0x0000000791662900,0x0000000792000000)
  to   space 49152K, 0% used [0x000000078c000000,0x000000078c000000,0x000000078f000000)
 ParOldGen       total 568320K, used 53634K [0x00000005c0000000, 0x00000005e2b00000, 0x0000000715580000)
  object space 568320K, 9% used [0x00000005c0000000,0x00000005c3460bd0,0x00000005e2b00000)
 Metaspace       used 96606K, capacity 102392K, committed 102528K, reserved 1136640K
  class space    used 14052K, capacity 15130K, committed 15232K, reserved 1048576K

Card table byte_map: [0x000000010dd52000,0x000000010ed53000] byte_map_base: 0x000000010af52000

Marking Bits: (ParMarkBitMap*) 0x000000010d2dee20
 Begin Bits: [0x000000012881e000, 0x000000013081e000)
 End Bits:   [0x000000013081e000, 0x000000013881e000)

Polling page: 0x000000010a942000

CodeCache: size=245760Kb used=26116Kb max_used=26116Kb free=219643Kb
 bounds [0x000000011981e000, 0x000000011b1ae000, 0x000000012881e000]
 total_blobs=12201 nmethods=11600 adapters=518
 compilation: enabled

Compilation events (10 events):
Event: 352.796 Thread 0x00007fdf6c950000 nmethod 11836 0x000000011b1a2e10 code [0x000000011b1a2f80, 0x000000011b1a3148]
Event: 352.796 Thread 0x00007fdf5d025000 nmethod 11837 0x000000011b1a3210 code [0x000000011b1a33c0, 0x000000011b1a3628]
Event: 361.799 Thread 0x00007fdf7db7f800 11838       1       org.apache.catalina.loader.WebappLoader::getClassLoader (5 bytes)
Event: 361.799 Thread 0x00007fdf7db7f800 nmethod 11838 0x000000011b1a3850 code [0x000000011b1a39a0, 0x000000011b1a3ab0]
Event: 381.803 Thread 0x00007fdf7db7f800 11839       1       org.apache.catalina.valves.ValveBase::backgroundProcess (1 bytes)
Event: 381.803 Thread 0x00007fdf7db7f800 nmethod 11839 0x000000011b1a3b10 code [0x000000011b1a3c60, 0x000000011b1a3d70]
Event: 441.807 Thread 0x00007fdf5d025000 11840       1       org.apache.catalina.webresources.Cache$EvictionOrder::compare (13 bytes)
Event: 441.807 Thread 0x00007fdf6c950000 11841       1       org.apache.catalina.webresources.Cache$EvictionOrder::compare (31 bytes)
Event: 441.807 Thread 0x00007fdf6c950000 nmethod 11841 0x000000011b1a3dd0 code [0x000000011b1a3f40, 0x000000011b1a40b0]
Event: 441.807 Thread 0x00007fdf5d025000 nmethod 11840 0x000000011b1a4190 code [0x000000011b1a4300, 0x000000011b1a44f0]

GC Heap History (10 events):
Event: 318.035 GC heap before
{Heap before GC invocations=21 (full 4):
 PSYoungGen      total 1797120K, used 1789248K [0x0000000715580000, 0x0000000788880000, 0x00000007c0000000)
  eden space 1787904K, 100% used [0x0000000715580000,0x0000000782780000,0x0000000782780000)
  from space 9216K, 14% used [0x0000000787f80000,0x00000007880d0000,0x0000000788880000)
  to   space 49664K, 0% used [0x0000000782780000,0x0000000782780000,0x0000000785800000)
 ParOldGen       total 568320K, used 64786K [0x00000005c0000000, 0x00000005e2b00000, 0x0000000715580000)
  object space 568320K, 11% used [0x00000005c0000000,0x00000005c3f44b78,0x00000005e2b00000)
 Metaspace       used 94682K, capacity 100168K, committed 100352K, reserved 1134592K
  class space    used 13775K, capacity 14752K, committed 14848K, reserved 1048576K
Event: 318.040 GC heap after
Heap after GC invocations=21 (full 4):
 PSYoungGen      total 1837568K, used 2716K [0x0000000715580000, 0x000000078e000000, 0x00000007c0000000)
  eden space 1787904K, 0% used [0x0000000715580000,0x0000000715580000,0x0000000782780000)
  from space 49664K, 5% used [0x0000000782780000,0x0000000782a27128,0x0000000785800000)
  to   space 49152K, 0% used [0x000000078b000000,0x000000078b000000,0x000000078e000000)
 ParOldGen       total 568320K, used 64794K [0x00000005c0000000, 0x00000005e2b00000, 0x0000000715580000)
  object space 568320K, 11% used [0x00000005c0000000,0x00000005c3f46b78,0x00000005e2b00000)
 Metaspace       used 94682K, capacity 100168K, committed 100352K, reserved 1134592K
  class space    used 13775K, capacity 14752K, committed 14848K, reserved 1048576K
}
Event: 349.274 GC heap before
{Heap before GC invocations=22 (full 4):
 PSYoungGen      total 1837568K, used 1068335K [0x0000000715580000, 0x000000078e000000, 0x00000007c0000000)
  eden space 1787904K, 59% used [0x0000000715580000,0x0000000756624e40,0x0000000782780000)
  from space 49664K, 5% used [0x0000000782780000,0x0000000782a27128,0x0000000785800000)
  to   space 49152K, 0% used [0x000000078b000000,0x000000078b000000,0x000000078e000000)
 ParOldGen       total 568320K, used 64794K [0x00000005c0000000, 0x00000005e2b00000, 0x0000000715580000)
  object space 568320K, 11% used [0x00000005c0000000,0x00000005c3f46b78,0x00000005e2b00000)
 Metaspace       used 95222K, capacity 100818K, committed 100992K, reserved 1134592K
  class space    used 13867K, capacity 14885K, committed 14976K, reserved 1048576K
Event: 349.278 GC heap after
Heap after GC invocations=22 (full 4):
 PSYoungGen      total 1925632K, used 3375K [0x0000000715580000, 0x000000078de00000, 0x00000007c0000000)
  eden space 1878528K, 0% used [0x0000000715580000,0x0000000715580000,0x0000000788000000)
  from space 47104K, 7% used [0x000000078b000000,0x000000078b34bf30,0x000000078de00000)
  to   space 48128K, 0% used [0x0000000788000000,0x0000000788000000,0x000000078af00000)
 ParOldGen       total 568320K, used 64802K [0x00000005c0000000, 0x00000005e2b00000, 0x0000000715580000)
  object space 568320K, 11% used [0x00000005c0000000,0x00000005c3f48b78,0x00000005e2b00000)
 Metaspace       used 95222K, capacity 100818K, committed 100992K, reserved 1134592K
  class space    used 13867K, capacity 14885K, committed 14976K, reserved 1048576K
}
Event: 349.278 GC heap before
{Heap before GC invocations=23 (full 5):
 PSYoungGen      total 1925632K, used 3375K [0x0000000715580000, 0x000000078de00000, 0x00000007c0000000)
  eden space 1878528K, 0% used [0x0000000715580000,0x0000000715580000,0x0000000788000000)
  from space 47104K, 7% used [0x000000078b000000,0x000000078b34bf30,0x000000078de00000)
  to   space 48128K, 0% used [0x0000000788000000,0x0000000788000000,0x000000078af00000)
 ParOldGen       total 568320K, used 64802K [0x00000005c0000000, 0x00000005e2b00000, 0x0000000715580000)
  object space 568320K, 11% used [0x00000005c0000000,0x00000005c3f48b78,0x00000005e2b00000)
 Metaspace       used 95222K, capacity 100818K, committed 100992K, reserved 1134592K
  class space    used 13867K, capacity 14885K, committed 14976K, reserved 1048576K
Event: 349.553 GC heap after
Heap after GC invocations=23 (full 5):
 PSYoungGen      total 1925632K, used 0K [0x0000000715580000, 0x000000078de00000, 0x00000007c0000000)
  eden space 1878528K, 0% used [0x0000000715580000,0x0000000715580000,0x0000000788000000)
  from space 47104K, 0% used [0x000000078b000000,0x000000078b000000,0x000000078de00000)
  to   space 48128K, 0% used [0x0000000788000000,0x0000000788000000,0x000000078af00000)
 ParOldGen       total 568320K, used 53618K [0x00000005c0000000, 0x00000005e2b00000, 0x0000000715580000)
  object space 568320K, 9% used [0x00000005c0000000,0x00000005c345cbd0,0x00000005e2b00000)
 Metaspace       used 95222K, capacity 100818K, committed 100992K, reserved 1134592K
  class space    used 13867K, capacity 14885K, committed 14976K, reserved 1048576K
}
Event: 377.956 GC heap before
{Heap before GC invocations=24 (full 5):
 PSYoungGen      total 1925632K, used 1878528K [0x0000000715580000, 0x000000078de00000, 0x00000007c0000000)
  eden space 1878528K, 100% used [0x0000000715580000,0x0000000788000000,0x0000000788000000)
  from space 47104K, 0% used [0x000000078b000000,0x000000078b000000,0x000000078de00000)
  to   space 48128K, 0% used [0x0000000788000000,0x0000000788000000,0x000000078af00000)
 ParOldGen       total 568320K, used 53618K [0x00000005c0000000, 0x00000005e2b00000, 0x0000000715580000)
  object space 568320K, 9% used [0x00000005c0000000,0x00000005c345cbd0,0x00000005e2b00000)
 Metaspace       used 96584K, capacity 102392K, committed 102528K, reserved 1136640K
  class space    used 14051K, capacity 15130K, committed 15232K, reserved 1048576K
Event: 377.983 GC heap after
Heap after GC invocations=24 (full 5):
 PSYoungGen      total 1926656K, used 35071K [0x0000000715580000, 0x0000000793700000, 0x00000007c0000000)
  eden space 1878528K, 0% used [0x0000000715580000,0x0000000715580000,0x0000000788000000)
  from space 48128K, 72% used [0x0000000788000000,0x000000078a23ff10,0x000000078af00000)
  to   space 52224K, 0% used [0x0000000790400000,0x0000000790400000,0x0000000793700000)
 ParOldGen       total 568320K, used 53626K [0x00000005c0000000, 0x00000005e2b00000, 0x0000000715580000)
  object space 568320K, 9% used [0x00000005c0000000,0x00000005c345ebd0,0x00000005e2b00000)
 Metaspace       used 96584K, capacity 102392K, committed 102528K, reserved 1136640K
  class space    used 14051K, capacity 15130K, committed 15232K, reserved 1048576K
}
Event: 441.473 GC heap before
{Heap before GC invocations=25 (full 5):
 PSYoungGen      total 1926656K, used 1913599K [0x0000000715580000, 0x0000000793700000, 0x00000007c0000000)
  eden space 1878528K, 100% used [0x0000000715580000,0x0000000788000000,0x0000000788000000)
  from space 48128K, 72% used [0x0000000788000000,0x000000078a23ff10,0x000000078af00000)
  to   space 52224K, 0% used [0x0000000790400000,0x0000000790400000,0x0000000793700000)
 ParOldGen       total 568320K, used 53626K [0x00000005c0000000, 0x00000005e2b00000, 0x0000000715580000)
  object space 568320K, 9% used [0x00000005c0000000,0x00000005c345ebd0,0x00000005e2b00000)
 Metaspace       used 96584K, capacity 102392K, committed 102528K, reserved 1136640K
  class space    used 14051K, capacity 15130K, committed 15232K, reserved 1048576K
Event: 441.482 GC heap after
Heap after GC invocations=25 (full 5):
 PSYoungGen      total 1972736K, used 18826K [0x0000000715580000, 0x0000000792000000, 0x00000007c0000000)
  eden space 1944064K, 0% used [0x0000000715580000,0x0000000715580000,0x000000078c000000)
  from space 28672K, 65% used [0x0000000790400000,0x0000000791662900,0x0000000792000000)
  to   space 49152K, 0% used [0x000000078c000000,0x000000078c000000,0x000000078f000000)
 ParOldGen       total 568320K, used 53634K [0x00000005c0000000, 0x00000005e2b00000, 0x0000000715580000)
  object space 568320K, 9% used [0x00000005c0000000,0x00000005c3460bd0,0x00000005e2b00000)
 Metaspace       used 96584K, capacity 102392K, committed 102528K, reserved 1136640K
  class space    used 14051K, capacity 15130K, committed 15232K, reserved 1048576K
}

Deoptimization events (0 events):
No events

Internal exceptions (10 events):
Event: 352.715 Thread 0x00007fdf5d40f800 Exception <a 'java/io/FileNotFoundException'> (0x00000007568a8478) thrown at [/Users/java_re/workspace/8-2-build-macosx-x86_64/jdk8u65/4987/hotspot/src/share/vm/prims/jni.cpp, line 709]
Event: 352.728 Thread 0x00007fdf5d40f800 Exception <a 'java/lang/ClassNotFoundException': com/sun/org/glassfish/hk2/osgiresourcelocator/ServiceLoader> (0x00000007570f13f0) thrown at [/Users/java_re/workspace/8-2-build-macosx-x86_64/jdk8u65/4987/hotspot/src/share/vm/classfile/systemDictionary.cpp
Event: 352.730 Thread 0x00007fdf5d40f800 Exception <a 'java/security/PrivilegedActionException'> (0x00000007571722d0) thrown at [/Users/java_re/workspace/8-2-build-macosx-x86_64/jdk8u65/4987/hotspot/src/share/vm/prims/jvm.cpp, line 1386]
Event: 352.730 Thread 0x00007fdf5d40f800 Exception <a 'java/security/PrivilegedActionException'> (0x0000000757173df8) thrown at [/Users/java_re/workspace/8-2-build-macosx-x86_64/jdk8u65/4987/hotspot/src/share/vm/prims/jvm.cpp, line 1386]
Event: 352.731 Thread 0x00007fdf5d40f800 Exception <a 'java/io/FileNotFoundException'> (0x00000007571c20b0) thrown at [/Users/java_re/workspace/8-2-build-macosx-x86_64/jdk8u65/4987/hotspot/src/share/vm/prims/jni.cpp, line 709]
Event: 352.760 Thread 0x00007fdf5d40f800 Exception <a 'java/lang/ClassNotFoundException': com/sun/org/glassfish/hk2/osgiresourcelocator/ServiceLoader> (0x00000007585fb250) thrown at [/Users/java_re/workspace/8-2-build-macosx-x86_64/jdk8u65/4987/hotspot/src/share/vm/classfile/systemDictionary.cpp
Event: 352.762 Thread 0x00007fdf5d40f800 Exception <a 'java/security/PrivilegedActionException'> (0x000000075868fa50) thrown at [/Users/java_re/workspace/8-2-build-macosx-x86_64/jdk8u65/4987/hotspot/src/share/vm/prims/jvm.cpp, line 1386]
Event: 352.762 Thread 0x00007fdf5d40f800 Exception <a 'java/security/PrivilegedActionException'> (0x0000000758691568) thrown at [/Users/java_re/workspace/8-2-build-macosx-x86_64/jdk8u65/4987/hotspot/src/share/vm/prims/jvm.cpp, line 1386]
Event: 352.764 Thread 0x00007fdf5d40f800 Exception <a 'java/io/FileNotFoundException'> (0x00000007586e6710) thrown at [/Users/java_re/workspace/8-2-build-macosx-x86_64/jdk8u65/4987/hotspot/src/share/vm/prims/jni.cpp, line 709]
Event: 352.781 Thread 0x00007fdf5d40f800 Exception <a 'java/lang/ClassNotFoundException': com/sun/org/glassfish/hk2/osgiresourcelocator/ServiceLoader> (0x000000075949b7b8) thrown at [/Users/java_re/workspace/8-2-build-macosx-x86_64/jdk8u65/4987/hotspot/src/share/vm/classfile/systemDictionary.cpp

Events (10 events):
Event: 377.991 Executing VM operation: RevokeBias
Event: 377.991 Executing VM operation: RevokeBias done
Event: 377.991 Executing VM operation: RevokeBias
Event: 377.992 Executing VM operation: RevokeBias done
Event: 377.992 Executing VM operation: BulkRevokeBias
Event: 377.992 Executing VM operation: BulkRevokeBias done
Event: 441.473 Executing VM operation: ParallelGCFailedAllocation
Event: 441.482 Executing VM operation: ParallelGCFailedAllocation done
Event: 446.244 Executing VM operation: RedefineClasses
Event: 446.338 Executing VM operation: RedefineClasses done


Dynamic libraries:
0x0000000008abd000 	/System/Library/Frameworks/Cocoa.framework/Versions/A/Cocoa
0x0000000008abd000 	/System/Library/Frameworks/Security.framework/Versions/A/Security
0x0000000008abd000 	/System/Library/Frameworks/ApplicationServices.framework/Versions/A/ApplicationServices
0x0000000008abd000 	/usr/lib/libz.1.dylib
0x0000000008abd000 	/usr/lib/libSystem.B.dylib
0x0000000008abd000 	/usr/lib/libobjc.A.dylib
0x0000000008abd000 	/System/Library/Frameworks/CoreFoundation.framework/Versions/A/CoreFoundation
0x0000000008abd000 	/System/Library/Frameworks/Foundation.framework/Versions/C/Foundation
0x0000000008abd000 	/System/Library/Frameworks/AppKit.framework/Versions/C/AppKit
0x0000000008abd000 	/System/Library/Frameworks/CoreData.framework/Versions/A/CoreData
0x0000000008abd000 	/System/Library/PrivateFrameworks/UIFoundation.framework/Versions/A/UIFoundation
0x0000000008abd000 	/System/Library/PrivateFrameworks/RemoteViewServices.framework/Versions/A/RemoteViewServices
0x0000000008abd000 	/System/Library/PrivateFrameworks/XCTTargetBootstrap.framework/Versions/A/XCTTargetBootstrap
0x0000000008abd000 	/System/Library/Frameworks/CoreDisplay.framework/Versions/A/CoreDisplay
0x0000000008abd000 	/System/Library/Frameworks/Metal.framework/Versions/A/Metal
0x0000000008abd000 	/System/Library/PrivateFrameworks/DesktopServicesPriv.framework/Versions/A/DesktopServicesPriv
0x0000000008abd000 	/usr/lib/liblangid.dylib
0x0000000008abd000 	/System/Library/PrivateFrameworks/CoreSVG.framework/Versions/A/CoreSVG
0x0000000008abd000 	/System/Library/PrivateFrameworks/SkyLight.framework/Versions/A/SkyLight
0x0000000008abd000 	/System/Library/Frameworks/CoreGraphics.framework/Versions/A/CoreGraphics
0x0000000008abd000 	/System/Library/Frameworks/Accelerate.framework/Versions/A/Accelerate
0x0000000008abd000 	/usr/lib/libxml2.2.dylib
0x0000000008abd000 	/System/Library/PrivateFrameworks/IconServices.framework/Versions/A/IconServices
0x0000000008abd000 	/System/Library/Frameworks/IOSurface.framework/Versions/A/IOSurface
0x0000000008abd000 	/usr/lib/libDiagnosticMessagesClient.dylib
0x0000000008abd000 	/System/Library/PrivateFrameworks/DFRFoundation.framework/Versions/A/DFRFoundation
0x0000000008abd000 	/usr/lib/libicucore.A.dylib
0x0000000008abd000 	/System/Library/Frameworks/AudioToolbox.framework/Versions/A/AudioToolbox
0x0000000008abd000 	/System/Library/Frameworks/AudioUnit.framework/Versions/A/AudioUnit
0x0000000008abd000 	/usr/lib/libauto.dylib
0x0000000008abd000 	/System/Library/PrivateFrameworks/DataDetectorsCore.framework/Versions/A/DataDetectorsCore
0x0000000008abd000 	/System/Library/Frameworks/Carbon.framework/Versions/A/Frameworks/HIToolbox.framework/Versions/A/HIToolbox
0x0000000008abd000 	/System/Library/Frameworks/QuartzCore.framework/Versions/A/QuartzCore
0x0000000008abd000 	/System/Library/Frameworks/Carbon.framework/Versions/A/Frameworks/SpeechRecognition.framework/Versions/A/SpeechRecognition
0x0000000008abd000 	/System/Library/PrivateFrameworks/CoreUI.framework/Versions/A/CoreUI
0x0000000008abd000 	/System/Library/Frameworks/CoreAudio.framework/Versions/A/CoreAudio
0x0000000008abd000 	/System/Library/Frameworks/DiskArbitration.framework/Versions/A/DiskArbitration
0x0000000008abd000 	/System/Library/PrivateFrameworks/MultitouchSupport.framework/Versions/A/MultitouchSupport
0x0000000008abd000 	/usr/lib/libenergytrace.dylib
0x0000000008abd000 	/System/Library/Frameworks/IOKit.framework/Versions/A/IOKit
0x0000000008abd000 	/System/Library/Frameworks/CoreServices.framework/Versions/A/CoreServices
0x0000000008abd000 	/System/Library/PrivateFrameworks/PerformanceAnalysis.framework/Versions/A/PerformanceAnalysis
0x0000000008abd000 	/System/Library/Frameworks/OpenGL.framework/Versions/A/OpenGL
0x0000000008abd000 	/System/Library/Frameworks/ColorSync.framework/Versions/A/ColorSync
0x0000000008abd000 	/System/Library/Frameworks/CoreImage.framework/Versions/A/CoreImage
0x0000000008abd000 	/System/Library/Frameworks/CoreText.framework/Versions/A/CoreText
0x0000000008abd000 	/System/Library/Frameworks/ImageIO.framework/Versions/A/ImageIO
0x0000000008abd000 	/usr/lib/libc++.1.dylib
0x0000000008abd000 	/usr/lib/libcompression.dylib
0x0000000008abd000 	/usr/lib/libMobileGestalt.dylib
0x0000000008abd000 	/System/Library/PrivateFrameworks/TextureIO.framework/Versions/A/TextureIO
0x0000000008abd000 	/usr/lib/libate.dylib
0x0000000008abd000 	/System/Library/PrivateFrameworks/InternationalSupport.framework/Versions/A/InternationalSupport
0x0000000008abd000 	/usr/lib/system/libcache.dylib
0x0000000008abd000 	/usr/lib/system/libcommonCrypto.dylib
0x0000000008abd000 	/usr/lib/system/libcompiler_rt.dylib
0x0000000008abd000 	/usr/lib/system/libcopyfile.dylib
0x0000000008abd000 	/usr/lib/system/libcorecrypto.dylib
0x0000000008abd000 	/usr/lib/system/libdispatch.dylib
0x0000000008abd000 	/usr/lib/system/libdyld.dylib
0x0000000008abd000 	/usr/lib/system/libkeymgr.dylib
0x0000000008abd000 	/usr/lib/system/liblaunch.dylib
0x0000000008abd000 	/usr/lib/system/libmacho.dylib
0x0000000008abd000 	/usr/lib/system/libquarantine.dylib
0x0000000008abd000 	/usr/lib/system/libremovefile.dylib
0x0000000008abd000 	/usr/lib/system/libsystem_asl.dylib
0x0000000008abd000 	/usr/lib/system/libsystem_blocks.dylib
0x0000000008abd000 	/usr/lib/system/libsystem_c.dylib
0x0000000008abd000 	/usr/lib/system/libsystem_configuration.dylib
0x0000000008abd000 	/usr/lib/system/libsystem_coreservices.dylib
0x0000000008abd000 	/usr/lib/system/libsystem_darwin.dylib
0x0000000008abd000 	/usr/lib/system/libsystem_dnssd.dylib
0x0000000008abd000 	/usr/lib/system/libsystem_featureflags.dylib
0x0000000008abd000 	/usr/lib/system/libsystem_info.dylib
0x0000000008abd000 	/usr/lib/system/libsystem_m.dylib
0x0000000008abd000 	/usr/lib/system/libsystem_malloc.dylib
0x0000000008abd000 	/usr/lib/system/libsystem_networkextension.dylib
0x0000000008abd000 	/usr/lib/system/libsystem_notify.dylib
0x0000000008abd000 	/usr/lib/system/libsystem_sandbox.dylib
0x0000000008abd000 	/usr/lib/system/libsystem_secinit.dylib
0x0000000008abd000 	/usr/lib/system/libsystem_kernel.dylib
0x0000000008abd000 	/usr/lib/system/libsystem_platform.dylib
0x0000000008abd000 	/usr/lib/system/libsystem_pthread.dylib
0x0000000008abd000 	/usr/lib/system/libsystem_symptoms.dylib
0x0000000008abd000 	/usr/lib/system/libsystem_trace.dylib
0x0000000008abd000 	/usr/lib/system/libunwind.dylib
0x0000000008abd000 	/usr/lib/system/libxpc.dylib
0x0000000008abd000 	/usr/lib/libc++abi.dylib
0x0000000008abd000 	/usr/lib/liblzma.5.dylib
0x0000000008abd000 	/usr/lib/libfakelink.dylib
0x0000000008abd000 	/usr/lib/libarchive.2.dylib
0x0000000008abd000 	/System/Library/Frameworks/SystemConfiguration.framework/Versions/A/SystemConfiguration
0x0000000008abd000 	/usr/lib/libCRFSuite.dylib
0x0000000008abd000 	/System/Library/Frameworks/CFNetwork.framework/Versions/A/CFNetwork
0x0000000008abd000 	/usr/lib/libbsm.0.dylib
0x0000000008abd000 	/usr/lib/system/libkxld.dylib
0x0000000008abd000 	/System/Library/PrivateFrameworks/AppleFSCompression.framework/Versions/A/AppleFSCompression
0x0000000008abd000 	/usr/lib/libcoretls.dylib
0x0000000008abd000 	/usr/lib/libcoretls_cfhelpers.dylib
0x0000000008abd000 	/usr/lib/libpam.2.dylib
0x0000000008abd000 	/usr/lib/libsqlite3.dylib
0x0000000008abd000 	/usr/lib/libxar.1.dylib
0x0000000008abd000 	/usr/lib/libbz2.1.0.dylib
0x0000000008abd000 	/usr/lib/libiconv.2.dylib
0x0000000008abd000 	/usr/lib/libcharset.1.dylib
0x0000000008abd000 	/usr/lib/libnetwork.dylib
0x0000000008abd000 	/usr/lib/libpcap.A.dylib
0x0000000008abd000 	/usr/lib/libapple_nghttp2.dylib
0x0000000008abd000 	/System/Library/Frameworks/CoreServices.framework/Versions/A/Frameworks/FSEvents.framework/Versions/A/FSEvents
0x0000000008abd000 	/System/Library/Frameworks/CoreServices.framework/Versions/A/Frameworks/CarbonCore.framework/Versions/A/CarbonCore
0x0000000008abd000 	/System/Library/Frameworks/CoreServices.framework/Versions/A/Frameworks/Metadata.framework/Versions/A/Metadata
0x0000000008abd000 	/System/Library/Frameworks/CoreServices.framework/Versions/A/Frameworks/OSServices.framework/Versions/A/OSServices
0x0000000008abd000 	/System/Library/Frameworks/CoreServices.framework/Versions/A/Frameworks/SearchKit.framework/Versions/A/SearchKit
0x0000000008abd000 	/System/Library/Frameworks/CoreServices.framework/Versions/A/Frameworks/AE.framework/Versions/A/AE
0x0000000008abd000 	/System/Library/Frameworks/CoreServices.framework/Versions/A/Frameworks/LaunchServices.framework/Versions/A/LaunchServices
0x0000000008abd000 	/System/Library/Frameworks/CoreServices.framework/Versions/A/Frameworks/DictionaryServices.framework/Versions/A/DictionaryServices
0x0000000008abd000 	/System/Library/Frameworks/CoreServices.framework/Versions/A/Frameworks/SharedFileList.framework/Versions/A/SharedFileList
0x0000000008abd000 	/System/Library/Frameworks/NetFS.framework/Versions/A/NetFS
0x0000000008abd000 	/System/Library/PrivateFrameworks/NetAuth.framework/Versions/A/NetAuth
0x0000000008abd000 	/System/Library/PrivateFrameworks/login.framework/Versions/A/Frameworks/loginsupport.framework/Versions/A/loginsupport
0x0000000008abd000 	/System/Library/PrivateFrameworks/TCC.framework/Versions/A/TCC
0x0000000008abd000 	/System/Library/PrivateFrameworks/CoreNLP.framework/Versions/A/CoreNLP
0x0000000008abd000 	/System/Library/PrivateFrameworks/MetadataUtilities.framework/Versions/A/MetadataUtilities
0x0000000008abd000 	/usr/lib/libmecabra.dylib
0x0000000008abd000 	/usr/lib/libmecab.dylib
0x0000000008abd000 	/usr/lib/libgermantok.dylib
0x0000000008abd000 	/usr/lib/libThaiTokenizer.dylib
0x0000000008abd000 	/usr/lib/libChineseTokenizer.dylib
0x0000000008abd000 	/System/Library/Frameworks/Accelerate.framework/Versions/A/Frameworks/vImage.framework/Versions/A/vImage
0x0000000008abd000 	/System/Library/Frameworks/Accelerate.framework/Versions/A/Frameworks/vecLib.framework/Versions/A/vecLib
0x0000000008abd000 	/System/Library/Frameworks/Accelerate.framework/Versions/A/Frameworks/vecLib.framework/Versions/A/libvMisc.dylib
0x0000000008abd000 	/System/Library/Frameworks/Accelerate.framework/Versions/A/Frameworks/vecLib.framework/Versions/A/libvDSP.dylib
0x0000000008abd000 	/System/Library/Frameworks/Accelerate.framework/Versions/A/Frameworks/vecLib.framework/Versions/A/libBLAS.dylib
0x0000000008abd000 	/System/Library/Frameworks/Accelerate.framework/Versions/A/Frameworks/vecLib.framework/Versions/A/libLAPACK.dylib
0x0000000008abd000 	/System/Library/Frameworks/Accelerate.framework/Versions/A/Frameworks/vecLib.framework/Versions/A/libLinearAlgebra.dylib
0x0000000008abd000 	/System/Library/Frameworks/Accelerate.framework/Versions/A/Frameworks/vecLib.framework/Versions/A/libSparseBLAS.dylib
0x0000000008abd000 	/System/Library/Frameworks/Accelerate.framework/Versions/A/Frameworks/vecLib.framework/Versions/A/libQuadrature.dylib
0x0000000008abd000 	/System/Library/Frameworks/Accelerate.framework/Versions/A/Frameworks/vecLib.framework/Versions/A/libBNNS.dylib
0x0000000008abd000 	/System/Library/Frameworks/Accelerate.framework/Versions/A/Frameworks/vecLib.framework/Versions/A/libSparse.dylib
0x0000000008abd000 	/System/Library/PrivateFrameworks/LanguageModeling.framework/Versions/A/LanguageModeling
0x0000000008abd000 	/System/Library/PrivateFrameworks/CoreEmoji.framework/Versions/A/CoreEmoji
0x0000000008abd000 	/System/Library/PrivateFrameworks/LinguisticData.framework/Versions/A/LinguisticData
0x0000000008abd000 	/System/Library/PrivateFrameworks/Lexicon.framework/Versions/A/Lexicon
0x0000000008abd000 	/usr/lib/libcmph.dylib
0x0000000008abd000 	/System/Library/Frameworks/OpenDirectory.framework/Versions/A/Frameworks/CFOpenDirectory.framework/Versions/A/CFOpenDirectory
0x0000000008abd000 	/System/Library/Frameworks/OpenDirectory.framework/Versions/A/OpenDirectory
0x0000000008abd000 	/System/Library/PrivateFrameworks/APFS.framework/Versions/A/APFS
0x0000000008abd000 	/System/Library/Frameworks/SecurityFoundation.framework/Versions/A/SecurityFoundation
0x0000000008abd000 	/usr/lib/libutil.dylib
0x0000000008abd000 	/System/Library/PrivateFrameworks/CoreServicesStore.framework/Versions/A/CoreServicesStore
0x0000000008abd000 	/System/Library/Frameworks/ServiceManagement.framework/Versions/A/ServiceManagement
0x0000000008abd000 	/System/Library/PrivateFrameworks/BackgroundTaskManagement.framework/Versions/A/BackgroundTaskManagement
0x0000000008abd000 	/usr/lib/libxslt.1.dylib
0x0000000008abd000 	/System/Library/PrivateFrameworks/AppleSystemInfo.framework/Versions/A/AppleSystemInfo
0x0000000008abd000 	/System/Library/Frameworks/ImageIO.framework/Versions/A/Resources/libJPEG.dylib
0x0000000008abd000 	/System/Library/Frameworks/ImageIO.framework/Versions/A/Resources/libTIFF.dylib
0x0000000008abd000 	/System/Library/Frameworks/ImageIO.framework/Versions/A/Resources/libPng.dylib
0x0000000008abd000 	/System/Library/Frameworks/ImageIO.framework/Versions/A/Resources/libGIF.dylib
0x0000000008abd000 	/System/Library/Frameworks/ImageIO.framework/Versions/A/Resources/libJP2.dylib
0x0000000008abd000 	/System/Library/Frameworks/ImageIO.framework/Versions/A/Resources/libRadiance.dylib
0x0000000008abd000 	/usr/lib/libexpat.1.dylib
0x0000000008abd000 	/System/Library/PrivateFrameworks/AppleJPEG.framework/Versions/A/AppleJPEG
0x0000000008abd000 	/System/Library/PrivateFrameworks/FontServices.framework/libFontParser.dylib
0x0000000008abd000 	/System/Library/PrivateFrameworks/WatchdogClient.framework/Versions/A/WatchdogClient
0x0000000008abd000 	/System/Library/PrivateFrameworks/IOAccelerator.framework/Versions/A/IOAccelerator
0x0000000008abd000 	/System/Library/Frameworks/MetalPerformanceShaders.framework/Versions/A/MetalPerformanceShaders
0x0000000008abd000 	/System/Library/PrivateFrameworks/GPUWrangler.framework/Versions/A/GPUWrangler
0x0000000008abd000 	/System/Library/PrivateFrameworks/IOPresentment.framework/Versions/A/IOPresentment
0x0000000008abd000 	/System/Library/PrivateFrameworks/DSExternalDisplay.framework/Versions/A/DSExternalDisplay
0x0000000008abd000 	/System/Library/Frameworks/OpenGL.framework/Versions/A/Libraries/libCoreFSCache.dylib
0x0000000008abd000 	/System/Library/Frameworks/MetalPerformanceShaders.framework/Frameworks/MPSCore.framework/Versions/A/MPSCore
0x0000000008abd000 	/System/Library/Frameworks/MetalPerformanceShaders.framework/Frameworks/MPSImage.framework/Versions/A/MPSImage
0x0000000008abd000 	/System/Library/Frameworks/MetalPerformanceShaders.framework/Frameworks/MPSNeuralNetwork.framework/Versions/A/MPSNeuralNetwork
0x0000000008abd000 	/System/Library/Frameworks/MetalPerformanceShaders.framework/Frameworks/MPSMatrix.framework/Versions/A/MPSMatrix
0x0000000008abd000 	/System/Library/Frameworks/MetalPerformanceShaders.framework/Frameworks/MPSRayIntersector.framework/Versions/A/MPSRayIntersector
0x0000000008abd000 	/System/Library/Frameworks/MetalPerformanceShaders.framework/Frameworks/MPSNDArray.framework/Versions/A/MPSNDArray
0x0000000008abd000 	/System/Library/PrivateFrameworks/MetalTools.framework/Versions/A/MetalTools
0x0000000008abd000 	/System/Library/PrivateFrameworks/AggregateDictionary.framework/Versions/A/AggregateDictionary
0x0000000008abd000 	/System/Library/PrivateFrameworks/CoreAnalytics.framework/Versions/A/CoreAnalytics
0x0000000008abd000 	/System/Library/PrivateFrameworks/AppleSauce.framework/Versions/A/AppleSauce
0x0000000008abd000 	/usr/lib/libIOReport.dylib
0x0000000008abd000 	/System/Library/Frameworks/CoreVideo.framework/Versions/A/CoreVideo
0x0000000008abd000 	/System/Library/PrivateFrameworks/GraphVisualizer.framework/Versions/A/GraphVisualizer
0x0000000008abd000 	/System/Library/PrivateFrameworks/FaceCore.framework/Versions/A/FaceCore
0x0000000008abd000 	/System/Library/Frameworks/OpenCL.framework/Versions/A/OpenCL
0x0000000008abd000 	/usr/lib/libFosl_dynamic.dylib
0x0000000008abd000 	/System/Library/PrivateFrameworks/OTSVG.framework/Versions/A/OTSVG
0x0000000008abd000 	/System/Library/Frameworks/ApplicationServices.framework/Versions/A/Frameworks/ATS.framework/Versions/A/Resources/libFontRegistry.dylib
0x0000000008abd000 	/System/Library/PrivateFrameworks/FontServices.framework/libhvf.dylib
0x0000000008abd000 	/System/Library/Frameworks/OpenGL.framework/Versions/A/Libraries/libGFXShared.dylib
0x0000000008abd000 	/System/Library/Frameworks/OpenGL.framework/Versions/A/Libraries/libGLU.dylib
0x0000000008abd000 	/System/Library/Frameworks/OpenGL.framework/Versions/A/Libraries/libGL.dylib
0x0000000008abd000 	/System/Library/Frameworks/OpenGL.framework/Versions/A/Libraries/libGLImage.dylib
0x0000000008abd000 	/System/Library/Frameworks/OpenGL.framework/Versions/A/Libraries/libCVMSPluginSupport.dylib
0x0000000008abd000 	/System/Library/Frameworks/OpenGL.framework/Versions/A/Libraries/libCoreVMClient.dylib
0x0000000008abd000 	/usr/lib/libncurses.5.4.dylib
0x0000000008abd000 	/System/Library/Frameworks/ApplicationServices.framework/Versions/A/Frameworks/ATS.framework/Versions/A/ATS
0x0000000008abd000 	/System/Library/Frameworks/ApplicationServices.framework/Versions/A/Frameworks/ColorSyncLegacy.framework/Versions/A/ColorSyncLegacy
0x0000000008abd000 	/System/Library/Frameworks/ApplicationServices.framework/Versions/A/Frameworks/HIServices.framework/Versions/A/HIServices
0x0000000008abd000 	/System/Library/Frameworks/ApplicationServices.framework/Versions/A/Frameworks/LangAnalysis.framework/Versions/A/LangAnalysis
0x0000000008abd000 	/System/Library/Frameworks/ApplicationServices.framework/Versions/A/Frameworks/PrintCore.framework/Versions/A/PrintCore
0x0000000008abd000 	/System/Library/Frameworks/ApplicationServices.framework/Versions/A/Frameworks/QD.framework/Versions/A/QD
0x0000000008abd000 	/System/Library/Frameworks/ApplicationServices.framework/Versions/A/Frameworks/SpeechSynthesis.framework/Versions/A/SpeechSynthesis
0x0000000008abd000 	/System/Library/Frameworks/ApplicationServices.framework/Versions/A/Frameworks/ATSUI.framework/Versions/A/ATSUI
0x0000000008abd000 	/usr/lib/libcups.2.dylib
0x0000000008abd000 	/System/Library/Frameworks/Kerberos.framework/Versions/A/Kerberos
0x0000000008abd000 	/System/Library/Frameworks/GSS.framework/Versions/A/GSS
0x0000000008abd000 	/usr/lib/libresolv.9.dylib
0x0000000008abd000 	/System/Library/PrivateFrameworks/Heimdal.framework/Versions/A/Heimdal
0x0000000008abd000 	/System/Library/Frameworks/Kerberos.framework/Versions/A/Libraries/libHeimdalProxy.dylib
0x0000000008abd000 	/usr/lib/libheimdal-asn1.dylib
0x0000000008abd000 	/System/Library/PrivateFrameworks/CommonAuth.framework/Versions/A/CommonAuth
0x0000000008abd000 	/System/Library/PrivateFrameworks/AssertionServices.framework/Versions/A/AssertionServices
0x0000000008abd000 	/System/Library/PrivateFrameworks/AudioToolboxCore.framework/Versions/A/AudioToolboxCore
0x0000000008abd000 	/System/Library/PrivateFrameworks/caulk.framework/Versions/A/caulk
0x0000000008abd000 	/System/Library/PrivateFrameworks/BaseBoard.framework/Versions/A/BaseBoard
0x0000000008abd000 	/System/Library/PrivateFrameworks/RunningBoardServices.framework/Versions/A/RunningBoardServices
0x0000000008abd000 	/System/Library/PrivateFrameworks/PersistentConnection.framework/Versions/A/PersistentConnection
0x0000000008abd000 	/System/Library/PrivateFrameworks/ProtocolBuffer.framework/Versions/A/ProtocolBuffer
0x0000000008abd000 	/System/Library/PrivateFrameworks/CommonUtilities.framework/Versions/A/CommonUtilities
0x0000000008abd000 	/System/Library/PrivateFrameworks/Bom.framework/Versions/A/Bom
0x0000000008abd000 	/usr/lib/libAudioToolboxUtility.dylib
0x0000000008abd000 	/System/Library/PrivateFrameworks/Backup.framework/Versions/A/Backup
0x0000000008abd000 	/System/Library/PrivateFrameworks/CrashReporterSupport.framework/Versions/A/CrashReporterSupport
0x0000000008abd000 	/System/Library/PrivateFrameworks/Sharing.framework/Versions/A/Sharing
0x0000000008abd000 	/System/Library/PrivateFrameworks/Apple80211.framework/Versions/A/Apple80211
0x0000000008abd000 	/System/Library/PrivateFrameworks/AuthKit.framework/Versions/A/AuthKit
0x0000000008abd000 	/System/Library/PrivateFrameworks/CoreUtils.framework/Versions/A/CoreUtils
0x0000000008abd000 	/System/Library/Frameworks/CoreWLAN.framework/Versions/A/CoreWLAN
0x0000000008abd000 	/System/Library/Frameworks/IOBluetooth.framework/Versions/A/IOBluetooth
0x0000000008abd000 	/System/Library/PrivateFrameworks/MobileKeyBag.framework/Versions/A/MobileKeyBag
0x0000000008abd000 	/System/Library/PrivateFrameworks/CorePhoneNumbers.framework/Versions/A/CorePhoneNumbers
0x0000000008abd000 	/System/Library/PrivateFrameworks/AppleIDAuthSupport.framework/Versions/A/AppleIDAuthSupport
0x0000000008abd000 	/System/Library/Frameworks/Network.framework/Versions/A/Network
0x0000000008abd000 	/System/Library/PrivateFrameworks/KeychainCircle.framework/Versions/A/KeychainCircle
0x0000000008abd000 	/System/Library/Frameworks/CoreBluetooth.framework/Versions/A/CoreBluetooth
0x0000000008abd000 	/System/Library/PrivateFrameworks/SpeechRecognitionCore.framework/Versions/A/SpeechRecognitionCore
0x000000010ca00000 	/Library/Java/JavaVirtualMachines/jdk1.8.0_65.jdk/Contents/Home/jre/lib/server/libjvm.dylib
0x0000000008abd000 	/usr/lib/libstdc++.6.dylib
0x000000010a8ff000 	/Library/Java/JavaVirtualMachines/jdk1.8.0_65.jdk/Contents/Home/jre/lib/libverify.dylib
0x000000010a90d000 	/Library/Java/JavaVirtualMachines/jdk1.8.0_65.jdk/Contents/Home/jre/lib/libjava.dylib
0x000000010a943000 	/Library/Java/JavaVirtualMachines/jdk1.8.0_65.jdk/Contents/Home/jre/lib/libjdwp.dylib
0x000000010a98e000 	/Library/Java/JavaVirtualMachines/jdk1.8.0_65.jdk/Contents/Home/jre/lib/libnpt.dylib
0x000000010a992000 	/Library/Java/JavaVirtualMachines/jdk1.8.0_65.jdk/Contents/Home/jre/lib/libinstrument.dylib
0x000000010d989000 	/Library/Java/JavaVirtualMachines/jdk1.8.0_65.jdk/Contents/Home/jre/lib/libzip.dylib
0x0000000008abd000 	/System/Library/Frameworks/JavaVM.framework/Versions/A/Frameworks/JavaRuntimeSupport.framework/Versions/A/JavaRuntimeSupport
0x0000000008abd000 	/System/Library/Frameworks/JavaVM.framework/Versions/A/Frameworks/JavaNativeFoundation.framework/Versions/A/JavaNativeFoundation
0x0000000008abd000 	/System/Library/Frameworks/JavaVM.framework/Versions/A/JavaVM
0x0000000008abd000 	/System/Library/Frameworks/Carbon.framework/Versions/A/Carbon
0x0000000008abd000 	/System/Library/PrivateFrameworks/CoreSymbolication.framework/Versions/A/CoreSymbolication
0x0000000008abd000 	/System/Library/PrivateFrameworks/JavaLaunching.framework/Versions/A/JavaLaunching
0x0000000008abd000 	/System/Library/Frameworks/Carbon.framework/Versions/A/Frameworks/CommonPanels.framework/Versions/A/CommonPanels
0x0000000008abd000 	/System/Library/Frameworks/Carbon.framework/Versions/A/Frameworks/Help.framework/Versions/A/Help
0x0000000008abd000 	/System/Library/Frameworks/Carbon.framework/Versions/A/Frameworks/ImageCapture.framework/Versions/A/ImageCapture
0x0000000008abd000 	/System/Library/Frameworks/Carbon.framework/Versions/A/Frameworks/OpenScripting.framework/Versions/A/OpenScripting
0x0000000008abd000 	/System/Library/Frameworks/Carbon.framework/Versions/A/Frameworks/Ink.framework/Versions/A/Ink
0x0000000008abd000 	/System/Library/Frameworks/Carbon.framework/Versions/A/Frameworks/Print.framework/Versions/A/Print
0x0000000008abd000 	/System/Library/Frameworks/Carbon.framework/Versions/A/Frameworks/SecurityHI.framework/Versions/A/SecurityHI
0x0000000008abd000 	/System/Library/PrivateFrameworks/DebugSymbols.framework/Versions/A/DebugSymbols
0x0000000112ddd000 	/Library/Java/JavaVirtualMachines/jdk1.8.0_65.jdk/Contents/Home/jre/lib/libdt_socket.dylib
0x00000001138f0000 	/Library/Java/JavaVirtualMachines/jdk1.8.0_65.jdk/Contents/Home/jre/lib/libmanagement.dylib
0x00000001138fe000 	/Library/Java/JavaVirtualMachines/jdk1.8.0_65.jdk/Contents/Home/jre/lib/libnet.dylib
0x0000000113915000 	/Library/Java/JavaVirtualMachines/jdk1.8.0_65.jdk/Contents/Home/jre/lib/libnio.dylib
0x000000011532a000 	/Library/Java/JavaVirtualMachines/jdk1.8.0_65.jdk/Contents/Home/jre/lib/libsunec.dylib

VM Arguments:
jvm_args: -agentlib:jdwp=transport=dt_socket,suspend=y,address=localhost:56323 -Dcom.sun.management.jmxremote -Dcom.sun.management.jmxremote.port=56322 -Dcom.sun.management.jmxremote.authenticate=false -Dcom.sun.management.jmxremote.ssl=false -Djava.rmi.server.hostname=localhost -Dspring.jmx.enabled=true -Dspring.application.admin.enabled=true -Djava.security.egd=file:/dev/./urandom -Dweb.external.resource.home=/Users/haiqiwei/git/main-upgrade/web/ojb-web-external-resource -Dspring.config.additional-location=file:/Users/haiqiwei/git/main-upgrade/web/ojb-web-external-resource/config/ -XX:TieredStopAtLevel=1 -Dspring.boot.project.name=ojb-web-portal -javaagent:/Users/haiqiwei/eclipse/jee-2021-06/Eclipse.app/Contents/Eclipse/configuration/org.eclipse.osgi/406/0/.cp/lib/javaagent-shaded.jar -Dfile.encoding=UTF-8 
java_command: org.ojbc.web.portal.OjbcWebPortalApplication
java_class_path (initial): /Users/haiqiwei/git/main-upgrade/web/ojb-web-portal/target/classes:/Users/haiqiwei/.m2/repository/org/springframework/boot/spring-boot-starter-actuator/2.5.2/spring-boot-starter-actuator-2.5.2.jar:/Users/haiqiwei/.m2/repository/org/springframework/boot/spring-boot-starter/2.5.2/spring-boot-starter-2.5.2.jar:/Users/haiqiwei/.m2/repository/org/springframework/boot/spring-boot-starter-logging/2.5.2/spring-boot-starter-logging-2.5.2.jar:/Users/haiqiwei/.m2/repository/ch/qos/logback/logback-classic/1.2.3/logback-classic-1.2.3.jar:/Users/haiqiwei/.m2/repository/ch/qos/logback/logback-core/1.2.3/logback-core-1.2.3.jar:/Users/haiqiwei/.m2/repository/org/apache/logging/log4j/log4j-to-slf4j/2.17.1/log4j-to-slf4j-2.17.1.jar:/Users/haiqiwei/.m2/repository/org/slf4j/jul-to-slf4j/1.7.31/jul-to-slf4j-1.7.31.jar:/Users/haiqiwei/.m2/repository/org/yaml/snakeyaml/1.28/snakeyaml-1.28.jar:/Users/haiqiwei/.m2/repository/org/springframework/boot/spring-boot-actuator-autoconfigure/2.5.2/spring-boot-actuator-autoconfigure-2.5.2.jar:/Users/haiqiwei/.m2/repository/org/springframework/boot/spring-boot-actuator/2.5.2/spring-boot-actuator-2.5.2.jar:/Users/haiqiwei/.m2/repository/com/fasterxml/jackson/core/jackson-databind/2.12.3/jackson-databind-2.12.3.jar:/Users/haiqiwei/.m2/repository/com/fasterxml/jackson/core/jackson-core/2.12.3/jackson-core-2.12.3.jar:/Users/haiqiwei/.m2/repository/com/fasterxml/jackson/datatype/jackson-datatype-jsr310/2.12.3/jackson-datatype-jsr310-2.12.3.jar:/Users/haiqiwei/.m2/repository/io/micrometer/micrometer-core/1.7.1/micrometer-core-1.7.1.jar:/Users/haiqiwei/.m2/repository/org/hdrhistogram/HdrHistogram/2.1.12/HdrHistogram-2.1.12.jar:/Users/haiqiwei/.m2/repository/org/latencyutils/LatencyUtils/2.0.3/LatencyUtils-2.0.3.jar:/Users/haiqiwei/.m2/repository/org/springframework/boot/spring-boot-starter-security/2.5.2/spring-boot-starter-security-2.5.2.jar:/Users/haiqiwei/.m2/repository/org/springframework/spring-aop/5.3.8/spring-aop-5.3.8.jar
Launcher Type: SUN_STANDARD

Environment Variables:
PATH=/usr/bin:/bin:/usr/sbin:/sbin
SHELL=/bin/bash

Signal Handlers:
SIGSEGV: [libjvm.dylib+0x5a6d31], sa_mask[0]=11111111011111110111111111111111, sa_flags=SA_ONSTACK|SA_RESTART|SA_SIGINFO
SIGBUS: [libjvm.dylib+0x5a6d31], sa_mask[0]=11111111011111110111111111111111, sa_flags=SA_RESTART|SA_SIGINFO
SIGFPE: [libjvm.dylib+0x480a40], sa_mask[0]=11111111011111110111111111111111, sa_flags=SA_RESTART|SA_SIGINFO
SIGPIPE: [libjvm.dylib+0x480a40], sa_mask[0]=11111111011111110111111111111111, sa_flags=SA_RESTART|SA_SIGINFO
SIGXFSZ: [libjvm.dylib+0x480a40], sa_mask[0]=11111111011111110111111111111111, sa_flags=SA_RESTART|SA_SIGINFO
SIGILL: [libjvm.dylib+0x480a40], sa_mask[0]=11111111011111110111111111111111, sa_flags=SA_RESTART|SA_SIGINFO
SIGUSR1: SIG_DFL, sa_mask[0]=00000000000000000000000000000000, sa_flags=none
SIGUSR2: [libjvm.dylib+0x48055e], sa_mask[0]=00100000000000000000000000000000, sa_flags=SA_RESTART|SA_SIGINFO
SIGHUP: [libjvm.dylib+0x47eb35], sa_mask[0]=11111111011111110111111111111111, sa_flags=SA_RESTART|SA_SIGINFO
SIGINT: [libjvm.dylib+0x47eb35], sa_mask[0]=11111111011111110111111111111111, sa_flags=SA_RESTART|SA_SIGINFO
SIGTERM: [libjvm.dylib+0x47eb35], sa_mask[0]=11111111011111110111111111111111, sa_flags=SA_RESTART|SA_SIGINFO
SIGQUIT: [libjvm.dylib+0x47eb35], sa_mask[0]=11111111011111110111111111111111, sa_flags=SA_RESTART|SA_SIGINFO


---------------  S Y S T E M  ---------------

OS:Bsduname:Darwin 19.6.0 Darwin Kernel Version 19.6.0: Sun Nov 14 19:58:51 PST 2021; root:xnu-6153.141.50~1/RELEASE_X86_64 x86_64
rlimit: STACK 8192k, CORE 0k, NPROC 5568, NOFILE 10240, AS infinity
load average:2.24 2.72 2.67

CPU:total 16 (8 cores per cpu, 2 threads per core) family 6 model 158 stepping 13, cmov, cx8, fxsr, mmx, sse, sse2, sse3, ssse3, sse4.1, sse4.2, popcnt, avx, avx2, aes, clmul, erms, 3dnowpref, lzcnt, ht, tsc, tscinvbit, bmi1, bmi2, adx

Memory: 4k page, physical 33554432k(631208k free)

/proc/meminfo:


vm_info: Java HotSpot(TM) 64-Bit Server VM (25.65-b01) for bsd-amd64 JRE (1.8.0_65-b17), built on Oct  6 2015 15:36:46 by "java_re" with gcc 4.2.1 (Based on Apple Inc. build 5658) (LLVM build 2336.11.00)

time: Fri Jan 14 16:20:54 2022
elapsed time: 446 seconds (0d 0h 7m 26s)

